2023-09-25 21:54:03,113 INFO r.k.c.c.CarControllerTest [main] Controller tests start!
2023-09-25 21:54:04,709 INFO r.k.c.c.CarControllerTest [main] Starting CarControllerTest using Java 17.0.1 with PID 22860 (started by singl in C:\Users\singl\IdeaProjects\embedica\CarManager)
2023-09-25 21:54:04,711 INFO r.k.c.c.CarControllerTest [main] No active profile set, falling back to 1 default profile: "default"
2023-09-25 21:54:06,248 INFO o.s.b.t.m.w.SpringBootMockServletContext [main] Initializing Spring TestDispatcherServlet ''
2023-09-25 21:54:06,248 INFO o.s.t.w.s.TestDispatcherServlet [main] Initializing Servlet ''
2023-09-25 21:54:06,250 INFO o.s.t.w.s.TestDispatcherServlet [main] Completed initialization in 2 ms
2023-09-25 21:54:06,292 INFO r.k.c.c.CarControllerTest [main] Started CarControllerTest in 2.046 seconds (process running for 4.755)
2023-09-25 21:54:06,782 INFO r.k.c.c.CarControllerTest [main] All tests have been completed at3670 ms
2023-09-25 21:54:06,804 INFO o.s.t.c.s.AnnotationConfigContextLoaderUtils [main] Could not detect default configuration classes for test class [ru.koryakin.carmanager.repository.CarRepositoryTest]: CarRepositoryTest does not declare any static, non-private, non-final, nested classes annotated with @Configuration.
2023-09-25 21:54:06,862 INFO o.s.b.t.c.SpringBootTestContextBootstrapper [main] Found @SpringBootConfiguration ru.koryakin.carmanager.CarManagerApplication for test class ru.koryakin.carmanager.repository.CarRepositoryTest
2023-09-25 21:54:06,915 INFO o.t.u.ImageNameSubstitutor [main] Image name substitution will be performed by: DefaultImageNameSubstitutor (composite of 'ConfigurationFileImageNameSubstitutor' and 'PrefixingImageNameSubstitutor')
2023-09-25 21:54:07,175 INFO o.t.d.DockerClientProviderStrategy [main] Loaded org.testcontainers.dockerclient.NpipeSocketClientProviderStrategy from ~/.testcontainers.properties, will try it first
2023-09-25 21:54:07,556 INFO o.t.d.DockerClientProviderStrategy [main] Found Docker environment with local Npipe socket (npipe:////./pipe/docker_engine)
2023-09-25 21:54:07,558 INFO o.t.DockerClientFactory [main] Docker host IP address is localhost
2023-09-25 21:54:07,585 INFO o.t.DockerClientFactory [main] Connected to docker: 
  Server Version: 23.0.5
  API Version: 1.42
  Operating System: Docker Desktop
  Total Memory: 12608 MB
2023-09-25 21:54:07,627 INFO t.t.5.1 [main] Creating container for image: testcontainers/ryuk:0.5.1
2023-09-25 21:54:07,875 INFO o.t.u.RegistryAuthLocator [main] Credential helper/store (docker-credential-desktop) does not have credentials for https://index.docker.io/v1/
2023-09-25 21:54:08,020 INFO t.t.5.1 [main] Container testcontainers/ryuk:0.5.1 is starting: 45f7a4d4d72385bdc1c54dbefac14c18ebb34cc1501edbb27c069b12556caa09
2023-09-25 21:54:08,731 INFO t.t.5.1 [main] Container testcontainers/ryuk:0.5.1 started in PT1.1354635S
2023-09-25 21:54:08,738 INFO o.t.u.RyukResourceReaper [main] Ryuk started - will monitor and terminate Testcontainers containers on JVM exit
2023-09-25 21:54:08,738 INFO o.t.DockerClientFactory [main] Checking the system...
2023-09-25 21:54:08,739 INFO o.t.DockerClientFactory [main] ?? Docker server version should be at least 1.6.0
2023-09-25 21:54:08,739 INFO t.postgres:11 [main] Creating container for image: postgres:11
2023-09-25 21:54:08,776 INFO t.postgres:11 [main] Container postgres:11 is starting: 188f0ede1d8e7f7d6cdea93d60577130634e69229dfeda338d686160360aa32d
2023-09-25 21:54:10,567 INFO t.postgres:11 [main] Container postgres:11 started in PT1.8278259S
2023-09-25 21:54:10,568 INFO t.postgres:11 [main] Container is started (JDBC URL: jdbc:postgresql://localhost:64466/postgres?loggerLevel=OFF)
2023-09-25 21:54:10,577 INFO o.t.e.ScriptUtils [main] Executing database script from db.sql
2023-09-25 21:54:10,719 INFO o.t.e.ScriptUtils [main] Executed database script from db.sql in 142 ms.
2023-09-25 21:54:10,722 INFO r.k.c.r.CarRepositoryTest [main] CarRepository tests start!
2023-09-25 21:54:10,808 INFO r.k.c.r.CarRepositoryTest [main] Starting CarRepositoryTest using Java 17.0.1 with PID 22860 (started by singl in C:\Users\singl\IdeaProjects\embedica\CarManager)
2023-09-25 21:54:10,809 INFO r.k.c.r.CarRepositoryTest [main] The following 1 profile is active: "test"
2023-09-25 21:54:11,299 INFO o.s.d.r.c.RepositoryConfigurationDelegate [main] Bootstrapping Spring Data JPA repositories in DEFAULT mode.
2023-09-25 21:54:11,398 INFO o.s.d.r.c.RepositoryConfigurationDelegate [main] Finished Spring Data repository scanning in 79 ms. Found 1 JPA repository interfaces.
2023-09-25 21:54:11,903 INFO o.h.j.i.u.LogHelper [main] HHH000204: Processing PersistenceUnitInfo [name: default]
2023-09-25 21:54:12,010 INFO o.h.Version [main] HHH000412: Hibernate ORM core version 6.2.9.Final
2023-09-25 21:54:12,013 INFO o.h.c.Environment [main] HHH000406: Using bytecode reflection optimizer
2023-09-25 21:54:12,213 INFO o.h.b.i.BytecodeProviderInitiator [main] HHH000021: Bytecode provider name : bytebuddy
2023-09-25 21:54:12,233 INFO o.s.o.j.p.SpringPersistenceUnitInfo [main] No LoadTimeWeaver setup: ignoring JPA class transformer
2023-09-25 21:54:12,259 INFO c.z.h.HikariDataSource [main] HikariPool-1 - Starting...
2023-09-25 21:54:12,296 INFO c.z.h.p.HikariPool [main] HikariPool-1 - Added connection org.postgresql.jdbc.PgConnection@395c21ee
2023-09-25 21:54:12,298 INFO c.z.h.HikariDataSource [main] HikariPool-1 - Start completed.
2023-09-25 21:54:12,656 INFO o.h.b.i.BytecodeProviderInitiator [main] HHH000021: Bytecode provider name : bytebuddy
2023-09-25 21:54:13,255 INFO o.h.e.t.j.p.i.JtaPlatformInitiator [main] HHH000490: Using JtaPlatform implementation: [org.hibernate.engine.transaction.jta.platform.internal.NoJtaPlatform]
2023-09-25 21:54:13,259 INFO o.s.o.j.LocalContainerEntityManagerFactoryBean [main] Initialized JPA EntityManagerFactory for persistence unit 'default'
2023-09-25 21:54:13,699 INFO o.s.d.j.r.q.QueryEnhancerFactory [main] Hibernate is in classpath; If applicable, HQL parser will be used.
2023-09-25 21:54:14,496 WARN o.s.b.a.o.j.JpaBaseConfiguration$JpaWebConfiguration [main] spring.jpa.open-in-view is enabled by default. Therefore, database queries may be performed during view rendering. Explicitly configure spring.jpa.open-in-view to disable this warning
2023-09-25 21:54:14,695 INFO r.k.c.r.CarRepositoryTest [main] Started CarRepositoryTest in 3.933 seconds (process running for 13.158)
2023-09-25 21:54:15,156 INFO r.k.c.r.CarRepositoryTest [main] All tests have been completed at4434 ms
2023-09-25 21:54:15,727 INFO o.s.t.c.s.AnnotationConfigContextLoaderUtils [main] Could not detect default configuration classes for test class [ru.koryakin.carmanager.repository.StatisticRepositoryTest]: StatisticRepositoryTest does not declare any static, non-private, non-final, nested classes annotated with @Configuration.
2023-09-25 21:54:15,734 INFO o.s.b.t.c.SpringBootTestContextBootstrapper [main] Found @SpringBootConfiguration ru.koryakin.carmanager.CarManagerApplication for test class ru.koryakin.carmanager.repository.StatisticRepositoryTest
2023-09-25 21:54:15,736 INFO t.postgres:11 [main] Creating container for image: postgres:11
2023-09-25 21:54:15,778 INFO t.postgres:11 [main] Container postgres:11 is starting: d132b49d2f343b1c098ed09b1d69c0615c44f1571e7f4cff2325947f17f54c54
2023-09-25 21:54:17,617 INFO t.postgres:11 [main] Container postgres:11 started in PT1.8804879S
2023-09-25 21:54:17,617 INFO t.postgres:11 [main] Container is started (JDBC URL: jdbc:postgresql://localhost:64480/postgres?loggerLevel=OFF)
2023-09-25 21:54:17,618 INFO o.t.e.ScriptUtils [main] Executing database script from db.sql
2023-09-25 21:54:17,647 INFO o.t.e.ScriptUtils [main] Executed database script from db.sql in 29 ms.
2023-09-25 21:54:17,648 INFO r.k.c.r.StatisticRepositoryTest [main] StatisticRepository tests start!
2023-09-25 21:54:17,657 WARN c.z.h.p.PoolBase [main] HikariPool-1 - Failed to validate connection org.postgresql.jdbc.PgConnection@395c21ee (Соединение уже было закрыто). Possibly consider using a shorter maxLifetime value.
2023-09-25 21:54:17,659 WARN c.z.h.p.PoolBase [main] HikariPool-1 - Failed to validate connection org.postgresql.jdbc.PgConnection@f7dc1aa (Соединение уже было закрыто). Possibly consider using a shorter maxLifetime value.
2023-09-25 21:54:17,660 WARN c.z.h.p.PoolBase [main] HikariPool-1 - Failed to validate connection org.postgresql.jdbc.PgConnection@2f23fdf1 (Соединение уже было закрыто). Possibly consider using a shorter maxLifetime value.
2023-09-25 21:54:17,660 WARN c.z.h.p.PoolBase [main] HikariPool-1 - Failed to validate connection org.postgresql.jdbc.PgConnection@7c458ad3 (Соединение уже было закрыто). Possibly consider using a shorter maxLifetime value.
2023-09-25 21:54:17,661 WARN c.z.h.p.PoolBase [main] HikariPool-1 - Failed to validate connection org.postgresql.jdbc.PgConnection@6226a088 (Соединение уже было закрыто). Possibly consider using a shorter maxLifetime value.
2023-09-25 21:54:17,662 WARN c.z.h.p.PoolBase [main] HikariPool-1 - Failed to validate connection org.postgresql.jdbc.PgConnection@ccdd8a6 (Соединение уже было закрыто). Possibly consider using a shorter maxLifetime value.
2023-09-25 21:54:17,662 WARN c.z.h.p.PoolBase [main] HikariPool-1 - Failed to validate connection org.postgresql.jdbc.PgConnection@597ae16a (Соединение уже было закрыто). Possibly consider using a shorter maxLifetime value.
2023-09-25 21:54:17,663 WARN c.z.h.p.PoolBase [main] HikariPool-1 - Failed to validate connection org.postgresql.jdbc.PgConnection@11a3ffe6 (Соединение уже было закрыто). Possibly consider using a shorter maxLifetime value.
2023-09-25 21:54:17,664 WARN c.z.h.p.PoolBase [main] HikariPool-1 - Failed to validate connection org.postgresql.jdbc.PgConnection@68321229 (Соединение уже было закрыто). Possibly consider using a shorter maxLifetime value.
2023-09-25 21:54:17,665 WARN c.z.h.p.PoolBase [main] HikariPool-1 - Failed to validate connection org.postgresql.jdbc.PgConnection@5d9cd8b7 (Соединение уже было закрыто). Possibly consider using a shorter maxLifetime value.
2023-09-25 21:56:01,113 INFO r.k.c.c.CarControllerTest [main] Controller tests start!
2023-09-25 21:56:02,777 INFO r.k.c.c.CarControllerTest [main] Starting CarControllerTest using Java 17.0.1 with PID 27492 (started by singl in C:\Users\singl\IdeaProjects\embedica\CarManager)
2023-09-25 21:56:02,778 INFO r.k.c.c.CarControllerTest [main] No active profile set, falling back to 1 default profile: "default"
2023-09-25 21:56:04,173 INFO o.s.b.t.m.w.SpringBootMockServletContext [main] Initializing Spring TestDispatcherServlet ''
2023-09-25 21:56:04,174 INFO o.s.t.w.s.TestDispatcherServlet [main] Initializing Servlet ''
2023-09-25 21:56:04,176 INFO o.s.t.w.s.TestDispatcherServlet [main] Completed initialization in 2 ms
2023-09-25 21:56:04,207 INFO r.k.c.c.CarControllerTest [main] Started CarControllerTest in 1.885 seconds (process running for 4.683)
2023-09-25 21:56:04,657 INFO r.k.c.c.CarControllerTest [main] All tests have been completed at3544 ms
2023-09-25 21:56:04,681 INFO o.s.t.c.s.AnnotationConfigContextLoaderUtils [main] Could not detect default configuration classes for test class [ru.koryakin.carmanager.repository.CarRepositoryTest]: CarRepositoryTest does not declare any static, non-private, non-final, nested classes annotated with @Configuration.
2023-09-25 21:56:04,722 INFO o.s.b.t.c.SpringBootTestContextBootstrapper [main] Found @SpringBootConfiguration ru.koryakin.carmanager.CarManagerApplication for test class ru.koryakin.carmanager.repository.CarRepositoryTest
2023-09-25 21:56:04,774 INFO o.t.u.ImageNameSubstitutor [main] Image name substitution will be performed by: DefaultImageNameSubstitutor (composite of 'ConfigurationFileImageNameSubstitutor' and 'PrefixingImageNameSubstitutor')
2023-09-25 21:56:05,044 INFO o.t.d.DockerClientProviderStrategy [main] Loaded org.testcontainers.dockerclient.NpipeSocketClientProviderStrategy from ~/.testcontainers.properties, will try it first
2023-09-25 21:56:05,413 INFO o.t.d.DockerClientProviderStrategy [main] Found Docker environment with local Npipe socket (npipe:////./pipe/docker_engine)
2023-09-25 21:56:05,414 INFO o.t.DockerClientFactory [main] Docker host IP address is localhost
2023-09-25 21:56:05,440 INFO o.t.DockerClientFactory [main] Connected to docker: 
  Server Version: 23.0.5
  API Version: 1.42
  Operating System: Docker Desktop
  Total Memory: 12608 MB
2023-09-25 21:56:05,477 INFO t.t.5.1 [main] Creating container for image: testcontainers/ryuk:0.5.1
2023-09-25 21:56:05,753 INFO o.t.u.RegistryAuthLocator [main] Credential helper/store (docker-credential-desktop) does not have credentials for https://index.docker.io/v1/
2023-09-25 21:56:05,913 INFO t.t.5.1 [main] Container testcontainers/ryuk:0.5.1 is starting: a16ace4d4522eb5ecd800445c1980bd0fa291dd5b310e9aa6b91af4e151f8629
2023-09-25 21:56:06,679 INFO t.t.5.1 [main] Container testcontainers/ryuk:0.5.1 started in PT1.227906S
2023-09-25 21:56:06,686 INFO o.t.u.RyukResourceReaper [main] Ryuk started - will monitor and terminate Testcontainers containers on JVM exit
2023-09-25 21:56:06,687 INFO o.t.DockerClientFactory [main] Checking the system...
2023-09-25 21:56:06,688 INFO o.t.DockerClientFactory [main] ?? Docker server version should be at least 1.6.0
2023-09-25 21:56:06,688 INFO t.postgres:11 [main] Creating container for image: postgres:11
2023-09-25 21:56:06,727 INFO t.postgres:11 [main] Container postgres:11 is starting: a96fb6c21c298adfbcf02a4b9fa7bb068bfa87b925338c86467968a64ce78b9b
2023-09-25 21:56:08,617 INFO t.postgres:11 [main] Container postgres:11 started in PT1.928452S
2023-09-25 21:56:08,618 INFO t.postgres:11 [main] Container is started (JDBC URL: jdbc:postgresql://localhost:64603/postgres?loggerLevel=OFF)
2023-09-25 21:56:08,628 INFO o.t.e.ScriptUtils [main] Executing database script from db.sql
2023-09-25 21:56:08,762 INFO o.t.e.ScriptUtils [main] Executed database script from db.sql in 134 ms.
2023-09-25 21:56:08,764 INFO r.k.c.r.CarRepositoryTest [main] CarRepository tests start!
2023-09-25 21:56:08,836 INFO r.k.c.r.CarRepositoryTest [main] Starting CarRepositoryTest using Java 17.0.1 with PID 27492 (started by singl in C:\Users\singl\IdeaProjects\embedica\CarManager)
2023-09-25 21:56:08,837 INFO r.k.c.r.CarRepositoryTest [main] The following 1 profile is active: "test"
2023-09-25 21:56:09,346 INFO o.s.d.r.c.RepositoryConfigurationDelegate [main] Bootstrapping Spring Data JPA repositories in DEFAULT mode.
2023-09-25 21:56:09,409 INFO o.s.d.r.c.RepositoryConfigurationDelegate [main] Finished Spring Data repository scanning in 51 ms. Found 1 JPA repository interfaces.
2023-09-25 21:56:09,862 INFO o.h.j.i.u.LogHelper [main] HHH000204: Processing PersistenceUnitInfo [name: default]
2023-09-25 21:56:09,948 INFO o.h.Version [main] HHH000412: Hibernate ORM core version 6.2.9.Final
2023-09-25 21:56:09,951 INFO o.h.c.Environment [main] HHH000406: Using bytecode reflection optimizer
2023-09-25 21:56:10,160 INFO o.h.b.i.BytecodeProviderInitiator [main] HHH000021: Bytecode provider name : bytebuddy
2023-09-25 21:56:10,181 INFO o.s.o.j.p.SpringPersistenceUnitInfo [main] No LoadTimeWeaver setup: ignoring JPA class transformer
2023-09-25 21:56:10,210 INFO c.z.h.HikariDataSource [main] HikariPool-1 - Starting...
2023-09-25 21:56:10,250 INFO c.z.h.p.HikariPool [main] HikariPool-1 - Added connection org.postgresql.jdbc.PgConnection@5c648e38
2023-09-25 21:56:10,252 INFO c.z.h.HikariDataSource [main] HikariPool-1 - Start completed.
2023-09-25 21:56:10,601 INFO o.h.b.i.BytecodeProviderInitiator [main] HHH000021: Bytecode provider name : bytebuddy
2023-09-25 21:56:11,195 INFO o.h.e.t.j.p.i.JtaPlatformInitiator [main] HHH000490: Using JtaPlatform implementation: [org.hibernate.engine.transaction.jta.platform.internal.NoJtaPlatform]
2023-09-25 21:56:11,201 INFO o.s.o.j.LocalContainerEntityManagerFactoryBean [main] Initialized JPA EntityManagerFactory for persistence unit 'default'
2023-09-25 21:56:11,591 INFO o.s.d.j.r.q.QueryEnhancerFactory [main] Hibernate is in classpath; If applicable, HQL parser will be used.
2023-09-25 21:56:12,303 WARN o.s.b.a.o.j.JpaBaseConfiguration$JpaWebConfiguration [main] spring.jpa.open-in-view is enabled by default. Therefore, database queries may be performed during view rendering. Explicitly configure spring.jpa.open-in-view to disable this warning
2023-09-25 21:56:12,497 INFO r.k.c.r.CarRepositoryTest [main] Started CarRepositoryTest in 3.708 seconds (process running for 12.974)
2023-09-25 21:56:12,927 INFO r.k.c.r.CarRepositoryTest [main] All tests have been completed at4162 ms
2023-09-25 21:56:13,526 INFO o.s.t.c.s.AnnotationConfigContextLoaderUtils [main] Could not detect default configuration classes for test class [ru.koryakin.carmanager.repository.StatisticRepositoryTest]: StatisticRepositoryTest does not declare any static, non-private, non-final, nested classes annotated with @Configuration.
2023-09-25 21:56:13,533 INFO o.s.b.t.c.SpringBootTestContextBootstrapper [main] Found @SpringBootConfiguration ru.koryakin.carmanager.CarManagerApplication for test class ru.koryakin.carmanager.repository.StatisticRepositoryTest
2023-09-25 21:56:13,536 INFO t.postgres:11 [main] Creating container for image: postgres:11
2023-09-25 21:56:13,582 INFO t.postgres:11 [main] Container postgres:11 is starting: b388083210af19224ca58976f225ef8da43960e872e6510c1b46dde368b439dc
2023-09-25 21:56:15,965 INFO t.postgres:11 [main] Container postgres:11 started in PT2.4289757S
2023-09-25 21:56:15,965 INFO t.postgres:11 [main] Container is started (JDBC URL: jdbc:postgresql://localhost:64618/postgres?loggerLevel=OFF)
2023-09-25 21:56:15,966 INFO o.t.e.ScriptUtils [main] Executing database script from db.sql
2023-09-25 21:56:15,997 INFO o.t.e.ScriptUtils [main] Executed database script from db.sql in 31 ms.
2023-09-25 21:56:15,997 INFO r.k.c.r.StatisticRepositoryTest [main] StatisticRepository tests start!
2023-09-25 21:56:16,006 WARN c.z.h.p.PoolBase [main] HikariPool-1 - Failed to validate connection org.postgresql.jdbc.PgConnection@5c648e38 (Соединение уже было закрыто). Possibly consider using a shorter maxLifetime value.
2023-09-25 21:56:16,007 WARN c.z.h.p.PoolBase [main] HikariPool-1 - Failed to validate connection org.postgresql.jdbc.PgConnection@3a5f0ed5 (Соединение уже было закрыто). Possibly consider using a shorter maxLifetime value.
2023-09-25 21:56:16,008 WARN c.z.h.p.PoolBase [main] HikariPool-1 - Failed to validate connection org.postgresql.jdbc.PgConnection@f7dc1aa (Соединение уже было закрыто). Possibly consider using a shorter maxLifetime value.
2023-09-25 21:56:16,009 WARN c.z.h.p.PoolBase [main] HikariPool-1 - Failed to validate connection org.postgresql.jdbc.PgConnection@2f23fdf1 (Соединение уже было закрыто). Possibly consider using a shorter maxLifetime value.
2023-09-25 21:56:16,010 WARN c.z.h.p.PoolBase [main] HikariPool-1 - Failed to validate connection org.postgresql.jdbc.PgConnection@7c458ad3 (Соединение уже было закрыто). Possibly consider using a shorter maxLifetime value.
2023-09-25 21:56:16,010 WARN c.z.h.p.PoolBase [main] HikariPool-1 - Failed to validate connection org.postgresql.jdbc.PgConnection@6226a088 (Соединение уже было закрыто). Possibly consider using a shorter maxLifetime value.
2023-09-25 21:56:16,011 WARN c.z.h.p.PoolBase [main] HikariPool-1 - Failed to validate connection org.postgresql.jdbc.PgConnection@ccdd8a6 (Соединение уже было закрыто). Possibly consider using a shorter maxLifetime value.
2023-09-25 21:56:16,012 WARN c.z.h.p.PoolBase [main] HikariPool-1 - Failed to validate connection org.postgresql.jdbc.PgConnection@597ae16a (Соединение уже было закрыто). Possibly consider using a shorter maxLifetime value.
2023-09-25 21:56:16,013 WARN c.z.h.p.PoolBase [main] HikariPool-1 - Failed to validate connection org.postgresql.jdbc.PgConnection@11a3ffe6 (Соединение уже было закрыто). Possibly consider using a shorter maxLifetime value.
2023-09-25 21:56:16,014 WARN c.z.h.p.PoolBase [main] HikariPool-1 - Failed to validate connection org.postgresql.jdbc.PgConnection@68321229 (Соединение уже было закрыто). Possibly consider using a shorter maxLifetime value.
2023-09-25 21:57:11,877 INFO r.k.c.c.CarControllerTest [main] Controller tests start!
2023-09-25 21:57:13,531 INFO r.k.c.c.CarControllerTest [main] Starting CarControllerTest using Java 17.0.1 with PID 25756 (started by singl in C:\Users\singl\IdeaProjects\embedica\CarManager)
2023-09-25 21:57:13,533 INFO r.k.c.c.CarControllerTest [main] No active profile set, falling back to 1 default profile: "default"
2023-09-25 21:57:14,907 INFO o.s.b.t.m.w.SpringBootMockServletContext [main] Initializing Spring TestDispatcherServlet ''
2023-09-25 21:57:14,908 INFO o.s.t.w.s.TestDispatcherServlet [main] Initializing Servlet ''
2023-09-25 21:57:14,909 INFO o.s.t.w.s.TestDispatcherServlet [main] Completed initialization in 1 ms
2023-09-25 21:57:14,937 INFO r.k.c.c.CarControllerTest [main] Started CarControllerTest in 1.894 seconds (process running for 4.623)
2023-09-25 21:57:15,392 INFO r.k.c.c.CarControllerTest [main] All tests have been completed at3515 ms
2023-09-25 21:57:15,421 INFO o.s.t.c.s.AnnotationConfigContextLoaderUtils [main] Could not detect default configuration classes for test class [ru.koryakin.carmanager.repository.CarRepositoryTest]: CarRepositoryTest does not declare any static, non-private, non-final, nested classes annotated with @Configuration.
2023-09-25 21:57:15,486 INFO o.s.b.t.c.SpringBootTestContextBootstrapper [main] Found @SpringBootConfiguration ru.koryakin.carmanager.CarManagerApplication for test class ru.koryakin.carmanager.repository.CarRepositoryTest
2023-09-25 21:57:15,543 INFO o.t.u.ImageNameSubstitutor [main] Image name substitution will be performed by: DefaultImageNameSubstitutor (composite of 'ConfigurationFileImageNameSubstitutor' and 'PrefixingImageNameSubstitutor')
2023-09-25 21:57:15,823 INFO o.t.d.DockerClientProviderStrategy [main] Loaded org.testcontainers.dockerclient.NpipeSocketClientProviderStrategy from ~/.testcontainers.properties, will try it first
2023-09-25 21:57:16,219 INFO o.t.d.DockerClientProviderStrategy [main] Found Docker environment with local Npipe socket (npipe:////./pipe/docker_engine)
2023-09-25 21:57:16,222 INFO o.t.DockerClientFactory [main] Docker host IP address is localhost
2023-09-25 21:57:16,251 INFO o.t.DockerClientFactory [main] Connected to docker: 
  Server Version: 23.0.5
  API Version: 1.42
  Operating System: Docker Desktop
  Total Memory: 12608 MB
2023-09-25 21:57:16,300 INFO t.t.5.1 [main] Creating container for image: testcontainers/ryuk:0.5.1
2023-09-25 21:57:16,589 INFO o.t.u.RegistryAuthLocator [main] Credential helper/store (docker-credential-desktop) does not have credentials for https://index.docker.io/v1/
2023-09-25 21:57:16,758 INFO t.t.5.1 [main] Container testcontainers/ryuk:0.5.1 is starting: df5d401424dc45ef97ec696d94a7f59f58f8a4e45ef530e96ff118ddb43cfca7
2023-09-25 21:57:17,650 INFO t.t.5.1 [main] Container testcontainers/ryuk:0.5.1 started in PT1.385103S
2023-09-25 21:57:17,658 INFO o.t.u.RyukResourceReaper [main] Ryuk started - will monitor and terminate Testcontainers containers on JVM exit
2023-09-25 21:57:17,658 INFO o.t.DockerClientFactory [main] Checking the system...
2023-09-25 21:57:17,659 INFO o.t.DockerClientFactory [main] ?? Docker server version should be at least 1.6.0
2023-09-25 21:57:17,660 INFO t.postgres:11 [main] Creating container for image: postgres:11
2023-09-25 21:57:17,701 INFO t.postgres:11 [main] Container postgres:11 is starting: 24ea234fdb38111e63263d64d1ca387942ac9e34111fa0aa63847e571a7c0993
2023-09-25 21:57:19,641 INFO t.postgres:11 [main] Container postgres:11 started in PT1.9810813S
2023-09-25 21:57:19,642 INFO t.postgres:11 [main] Container is started (JDBC URL: jdbc:postgresql://localhost:64686/postgres?loggerLevel=OFF)
2023-09-25 21:57:19,650 INFO o.t.e.ScriptUtils [main] Executing database script from db.sql
2023-09-25 21:57:19,785 INFO o.t.e.ScriptUtils [main] Executed database script from db.sql in 135 ms.
2023-09-25 21:57:19,788 INFO r.k.c.r.CarRepositoryTest [main] CarRepository tests start!
2023-09-25 21:57:19,860 INFO r.k.c.r.CarRepositoryTest [main] Starting CarRepositoryTest using Java 17.0.1 with PID 25756 (started by singl in C:\Users\singl\IdeaProjects\embedica\CarManager)
2023-09-25 21:57:19,861 INFO r.k.c.r.CarRepositoryTest [main] The following 1 profile is active: "test"
2023-09-25 21:57:20,317 INFO o.s.d.r.c.RepositoryConfigurationDelegate [main] Bootstrapping Spring Data JPA repositories in DEFAULT mode.
2023-09-25 21:57:20,386 INFO o.s.d.r.c.RepositoryConfigurationDelegate [main] Finished Spring Data repository scanning in 57 ms. Found 1 JPA repository interfaces.
2023-09-25 21:57:20,816 INFO o.h.j.i.u.LogHelper [main] HHH000204: Processing PersistenceUnitInfo [name: default]
2023-09-25 21:57:20,891 INFO o.h.Version [main] HHH000412: Hibernate ORM core version 6.2.9.Final
2023-09-25 21:57:20,894 INFO o.h.c.Environment [main] HHH000406: Using bytecode reflection optimizer
2023-09-25 21:57:21,095 INFO o.h.b.i.BytecodeProviderInitiator [main] HHH000021: Bytecode provider name : bytebuddy
2023-09-25 21:57:21,115 INFO o.s.o.j.p.SpringPersistenceUnitInfo [main] No LoadTimeWeaver setup: ignoring JPA class transformer
2023-09-25 21:57:21,139 INFO c.z.h.HikariDataSource [main] HikariPool-1 - Starting...
2023-09-25 21:57:21,177 INFO c.z.h.p.HikariPool [main] HikariPool-1 - Added connection org.postgresql.jdbc.PgConnection@18f794e
2023-09-25 21:57:21,180 INFO c.z.h.HikariDataSource [main] HikariPool-1 - Start completed.
2023-09-25 21:57:21,544 INFO o.h.b.i.BytecodeProviderInitiator [main] HHH000021: Bytecode provider name : bytebuddy
2023-09-25 21:57:22,143 INFO o.h.e.t.j.p.i.JtaPlatformInitiator [main] HHH000490: Using JtaPlatform implementation: [org.hibernate.engine.transaction.jta.platform.internal.NoJtaPlatform]
2023-09-25 21:57:22,150 INFO o.s.o.j.LocalContainerEntityManagerFactoryBean [main] Initialized JPA EntityManagerFactory for persistence unit 'default'
2023-09-25 21:57:22,518 INFO o.s.d.j.r.q.QueryEnhancerFactory [main] Hibernate is in classpath; If applicable, HQL parser will be used.
2023-09-25 21:57:23,191 WARN o.s.b.a.o.j.JpaBaseConfiguration$JpaWebConfiguration [main] spring.jpa.open-in-view is enabled by default. Therefore, database queries may be performed during view rendering. Explicitly configure spring.jpa.open-in-view to disable this warning
2023-09-25 21:57:23,374 INFO r.k.c.r.CarRepositoryTest [main] Started CarRepositoryTest in 3.559 seconds (process running for 13.059)
2023-09-25 21:57:23,783 INFO r.k.c.r.CarRepositoryTest [main] All tests have been completed at3995 ms
2023-09-25 21:57:24,439 INFO o.s.t.c.s.AnnotationConfigContextLoaderUtils [main] Could not detect default configuration classes for test class [ru.koryakin.carmanager.repository.StatisticRepositoryTest]: StatisticRepositoryTest does not declare any static, non-private, non-final, nested classes annotated with @Configuration.
2023-09-25 21:57:24,447 INFO o.s.b.t.c.SpringBootTestContextBootstrapper [main] Found @SpringBootConfiguration ru.koryakin.carmanager.CarManagerApplication for test class ru.koryakin.carmanager.repository.StatisticRepositoryTest
2023-09-25 21:57:24,451 INFO t.postgres:11 [main] Creating container for image: postgres:11
2023-09-25 21:57:24,504 INFO t.postgres:11 [main] Container postgres:11 is starting: 734896f7605a22d29dc8298023eab4cef4cf07a7139c794edfab8686645fd08f
2023-09-25 21:57:26,486 INFO t.postgres:11 [main] Container postgres:11 started in PT2.035322S
2023-09-25 21:57:26,486 INFO t.postgres:11 [main] Container is started (JDBC URL: jdbc:postgresql://localhost:64702/postgres?loggerLevel=OFF)
2023-09-25 21:57:26,488 INFO o.t.e.ScriptUtils [main] Executing database script from db.sql
2023-09-25 21:57:26,517 INFO o.t.e.ScriptUtils [main] Executed database script from db.sql in 29 ms.
2023-09-25 21:57:26,517 INFO r.k.c.r.StatisticRepositoryTest [main] StatisticRepository tests start!
2023-09-25 21:57:26,527 WARN c.z.h.p.PoolBase [main] HikariPool-1 - Failed to validate connection org.postgresql.jdbc.PgConnection@18f794e (Соединение уже было закрыто). Possibly consider using a shorter maxLifetime value.
2023-09-25 21:57:26,528 WARN c.z.h.p.PoolBase [main] HikariPool-1 - Failed to validate connection org.postgresql.jdbc.PgConnection@6226a088 (Соединение уже было закрыто). Possibly consider using a shorter maxLifetime value.
2023-09-25 21:57:26,529 WARN c.z.h.p.PoolBase [main] HikariPool-1 - Failed to validate connection org.postgresql.jdbc.PgConnection@ccdd8a6 (Соединение уже было закрыто). Possibly consider using a shorter maxLifetime value.
2023-09-25 21:57:26,530 WARN c.z.h.p.PoolBase [main] HikariPool-1 - Failed to validate connection org.postgresql.jdbc.PgConnection@597ae16a (Соединение уже было закрыто). Possibly consider using a shorter maxLifetime value.
2023-09-25 21:57:26,531 WARN c.z.h.p.PoolBase [main] HikariPool-1 - Failed to validate connection org.postgresql.jdbc.PgConnection@11a3ffe6 (Соединение уже было закрыто). Possibly consider using a shorter maxLifetime value.
2023-09-25 21:57:26,532 WARN c.z.h.p.PoolBase [main] HikariPool-1 - Failed to validate connection org.postgresql.jdbc.PgConnection@68321229 (Соединение уже было закрыто). Possibly consider using a shorter maxLifetime value.
2023-09-25 21:57:26,532 WARN c.z.h.p.PoolBase [main] HikariPool-1 - Failed to validate connection org.postgresql.jdbc.PgConnection@5d9cd8b7 (Соединение уже было закрыто). Possibly consider using a shorter maxLifetime value.
2023-09-25 21:57:26,534 WARN c.z.h.p.PoolBase [main] HikariPool-1 - Failed to validate connection org.postgresql.jdbc.PgConnection@2d739a6f (Соединение уже было закрыто). Possibly consider using a shorter maxLifetime value.
2023-09-25 21:57:26,536 WARN c.z.h.p.PoolBase [main] HikariPool-1 - Failed to validate connection org.postgresql.jdbc.PgConnection@37711f1a (Соединение уже было закрыто). Possibly consider using a shorter maxLifetime value.
2023-09-25 21:57:26,536 WARN c.z.h.p.PoolBase [main] HikariPool-1 - Failed to validate connection org.postgresql.jdbc.PgConnection@10939bc1 (Соединение уже было закрыто). Possibly consider using a shorter maxLifetime value.
2023-09-25 21:57:56,531 WARN o.h.e.j.s.SqlExceptionHelper [main] SQL Error: 0, SQLState: 08001
2023-09-25 21:57:56,532 ERROR o.h.e.j.s.SqlExceptionHelper [main] HikariPool-1 - Connection is not available, request timed out after 30004ms.
2023-09-25 21:57:56,533 ERROR o.h.e.j.s.SqlExceptionHelper [main] Подсоединение по адресу localhost:64686 отклонено. Проверьте что хост и порт указаны правильно и что postmaster принимает TCP/IP-подсоединения.
2023-09-25 22:03:33,461 INFO r.k.c.c.CarControllerTest [main] Controller tests start!
2023-09-25 22:03:35,072 INFO r.k.c.c.CarControllerTest [main] Starting CarControllerTest using Java 17.0.1 with PID 27488 (started by singl in C:\Users\singl\IdeaProjects\embedica\CarManager)
2023-09-25 22:03:35,074 INFO r.k.c.c.CarControllerTest [main] No active profile set, falling back to 1 default profile: "default"
2023-09-25 22:03:36,512 INFO o.s.b.t.m.w.SpringBootMockServletContext [main] Initializing Spring TestDispatcherServlet ''
2023-09-25 22:03:36,513 INFO o.s.t.w.s.TestDispatcherServlet [main] Initializing Servlet ''
2023-09-25 22:03:36,515 INFO o.s.t.w.s.TestDispatcherServlet [main] Completed initialization in 2 ms
2023-09-25 22:03:36,549 INFO r.k.c.c.CarControllerTest [main] Started CarControllerTest in 1.936 seconds (process running for 4.663)
2023-09-25 22:03:37,015 INFO r.k.c.c.CarControllerTest [main] All tests have been completed at3553 ms
2023-09-25 22:03:37,040 INFO o.s.t.c.s.AnnotationConfigContextLoaderUtils [main] Could not detect default configuration classes for test class [ru.koryakin.carmanager.repository.CarRepositoryTest]: CarRepositoryTest does not declare any static, non-private, non-final, nested classes annotated with @Configuration.
2023-09-25 22:03:37,100 INFO o.s.b.t.c.SpringBootTestContextBootstrapper [main] Found @SpringBootConfiguration ru.koryakin.carmanager.CarManagerApplication for test class ru.koryakin.carmanager.repository.CarRepositoryTest
2023-09-25 22:03:37,154 INFO o.t.u.ImageNameSubstitutor [main] Image name substitution will be performed by: DefaultImageNameSubstitutor (composite of 'ConfigurationFileImageNameSubstitutor' and 'PrefixingImageNameSubstitutor')
2023-09-25 22:03:37,389 INFO o.t.d.DockerClientProviderStrategy [main] Loaded org.testcontainers.dockerclient.NpipeSocketClientProviderStrategy from ~/.testcontainers.properties, will try it first
2023-09-25 22:03:37,750 INFO o.t.d.DockerClientProviderStrategy [main] Found Docker environment with local Npipe socket (npipe:////./pipe/docker_engine)
2023-09-25 22:03:37,752 INFO o.t.DockerClientFactory [main] Docker host IP address is localhost
2023-09-25 22:03:37,773 INFO o.t.DockerClientFactory [main] Connected to docker: 
  Server Version: 23.0.5
  API Version: 1.42
  Operating System: Docker Desktop
  Total Memory: 12608 MB
2023-09-25 22:03:37,811 INFO t.t.5.1 [main] Creating container for image: testcontainers/ryuk:0.5.1
2023-09-25 22:03:38,060 INFO o.t.u.RegistryAuthLocator [main] Credential helper/store (docker-credential-desktop) does not have credentials for https://index.docker.io/v1/
2023-09-25 22:03:38,220 INFO t.t.5.1 [main] Container testcontainers/ryuk:0.5.1 is starting: 4c5590e133f713b8aadeaac756ced4684b4cdf8b521e1adfa82a2488388300ad
2023-09-25 22:03:39,165 INFO t.t.5.1 [main] Container testcontainers/ryuk:0.5.1 started in PT1.3796736S
2023-09-25 22:03:39,173 INFO o.t.u.RyukResourceReaper [main] Ryuk started - will monitor and terminate Testcontainers containers on JVM exit
2023-09-25 22:03:39,173 INFO o.t.DockerClientFactory [main] Checking the system...
2023-09-25 22:03:39,174 INFO o.t.DockerClientFactory [main] ?? Docker server version should be at least 1.6.0
2023-09-25 22:03:39,175 INFO t.postgres:11 [main] Creating container for image: postgres:11
2023-09-25 22:03:39,216 INFO t.postgres:11 [main] Container postgres:11 is starting: d48029d3ad42cdb84fa9be6273909327e8641f94b345b0791301f917d81a6683
2023-09-25 22:03:41,028 INFO t.postgres:11 [main] Container postgres:11 started in PT1.8531089S
2023-09-25 22:03:41,028 INFO t.postgres:11 [main] Container is started (JDBC URL: jdbc:postgresql://localhost:64836/postgres?loggerLevel=OFF)
2023-09-25 22:03:41,038 INFO o.t.e.ScriptUtils [main] Executing database script from db.sql
2023-09-25 22:03:41,173 INFO o.t.e.ScriptUtils [main] Executed database script from db.sql in 135 ms.
2023-09-25 22:03:41,184 INFO r.k.c.r.CarRepositoryTest [main] CarRepository tests start!
2023-09-25 22:03:41,257 INFO r.k.c.r.CarRepositoryTest [main] Starting CarRepositoryTest using Java 17.0.1 with PID 27488 (started by singl in C:\Users\singl\IdeaProjects\embedica\CarManager)
2023-09-25 22:03:41,257 INFO r.k.c.r.CarRepositoryTest [main] The following 1 profile is active: "test"
2023-09-25 22:03:41,723 INFO o.s.d.r.c.RepositoryConfigurationDelegate [main] Bootstrapping Spring Data JPA repositories in DEFAULT mode.
2023-09-25 22:03:41,791 INFO o.s.d.r.c.RepositoryConfigurationDelegate [main] Finished Spring Data repository scanning in 55 ms. Found 1 JPA repository interfaces.
2023-09-25 22:03:42,232 INFO o.h.j.i.u.LogHelper [main] HHH000204: Processing PersistenceUnitInfo [name: default]
2023-09-25 22:03:42,323 INFO o.h.Version [main] HHH000412: Hibernate ORM core version 6.2.9.Final
2023-09-25 22:03:42,326 INFO o.h.c.Environment [main] HHH000406: Using bytecode reflection optimizer
2023-09-25 22:03:42,531 INFO o.h.b.i.BytecodeProviderInitiator [main] HHH000021: Bytecode provider name : bytebuddy
2023-09-25 22:03:42,553 INFO o.s.o.j.p.SpringPersistenceUnitInfo [main] No LoadTimeWeaver setup: ignoring JPA class transformer
2023-09-25 22:03:42,578 INFO c.z.h.HikariDataSource [main] HikariPool-1 - Starting...
2023-09-25 22:03:42,618 INFO c.z.h.p.HikariPool [main] HikariPool-1 - Added connection org.postgresql.jdbc.PgConnection@4e3c0627
2023-09-25 22:03:42,620 INFO c.z.h.HikariDataSource [main] HikariPool-1 - Start completed.
2023-09-25 22:03:42,963 INFO o.h.b.i.BytecodeProviderInitiator [main] HHH000021: Bytecode provider name : bytebuddy
2023-09-25 22:03:43,568 INFO o.h.e.t.j.p.i.JtaPlatformInitiator [main] HHH000490: Using JtaPlatform implementation: [org.hibernate.engine.transaction.jta.platform.internal.NoJtaPlatform]
2023-09-25 22:03:43,573 INFO o.s.o.j.LocalContainerEntityManagerFactoryBean [main] Initialized JPA EntityManagerFactory for persistence unit 'default'
2023-09-25 22:03:43,926 INFO o.s.d.j.r.q.QueryEnhancerFactory [main] Hibernate is in classpath; If applicable, HQL parser will be used.
2023-09-25 22:03:44,624 WARN o.s.b.a.o.j.JpaBaseConfiguration$JpaWebConfiguration [main] spring.jpa.open-in-view is enabled by default. Therefore, database queries may be performed during view rendering. Explicitly configure spring.jpa.open-in-view to disable this warning
2023-09-25 22:03:44,844 INFO r.k.c.r.CarRepositoryTest [main] Started CarRepositoryTest in 3.632 seconds (process running for 12.959)
2023-09-25 22:03:45,273 INFO r.k.c.r.CarRepositoryTest [main] All tests have been completed at4089 ms
2023-09-25 22:03:45,919 INFO o.s.t.c.s.AnnotationConfigContextLoaderUtils [main] Could not detect default configuration classes for test class [ru.koryakin.carmanager.repository.StatisticRepositoryTest]: StatisticRepositoryTest does not declare any static, non-private, non-final, nested classes annotated with @Configuration.
2023-09-25 22:03:45,928 INFO o.s.b.t.c.SpringBootTestContextBootstrapper [main] Found @SpringBootConfiguration ru.koryakin.carmanager.CarManagerApplication for test class ru.koryakin.carmanager.repository.StatisticRepositoryTest
2023-09-25 22:03:45,931 INFO t.postgres:11 [main] Creating container for image: postgres:11
2023-09-25 22:03:45,975 INFO t.postgres:11 [main] Container postgres:11 is starting: 0582ec3945e591439b85735431d16c7d8b724aeaf0ba3ddf7322d30c59edc415
2023-09-25 22:03:47,992 INFO t.postgres:11 [main] Container postgres:11 started in PT2.0613965S
2023-09-25 22:03:47,992 INFO t.postgres:11 [main] Container is started (JDBC URL: jdbc:postgresql://localhost:64848/postgres?loggerLevel=OFF)
2023-09-25 22:03:47,994 INFO o.t.e.ScriptUtils [main] Executing database script from db.sql
2023-09-25 22:03:48,027 INFO o.t.e.ScriptUtils [main] Executed database script from db.sql in 32 ms.
2023-09-25 22:03:48,027 INFO r.k.c.r.StatisticRepositoryTest [main] StatisticRepository tests start!
2023-09-25 22:03:48,035 WARN c.z.h.p.PoolBase [main] HikariPool-1 - Failed to validate connection org.postgresql.jdbc.PgConnection@4e3c0627 (Соединение уже было закрыто). Possibly consider using a shorter maxLifetime value.
2023-09-25 22:03:48,037 WARN c.z.h.p.PoolBase [main] HikariPool-1 - Failed to validate connection org.postgresql.jdbc.PgConnection@68321229 (Соединение уже было закрыто). Possibly consider using a shorter maxLifetime value.
2023-09-25 22:03:48,038 WARN c.z.h.p.PoolBase [main] HikariPool-1 - Failed to validate connection org.postgresql.jdbc.PgConnection@5d9cd8b7 (Соединение уже было закрыто). Possibly consider using a shorter maxLifetime value.
2023-09-25 22:03:48,039 WARN c.z.h.p.PoolBase [main] HikariPool-1 - Failed to validate connection org.postgresql.jdbc.PgConnection@2d739a6f (Соединение уже было закрыто). Possibly consider using a shorter maxLifetime value.
2023-09-25 22:03:48,039 WARN c.z.h.p.PoolBase [main] HikariPool-1 - Failed to validate connection org.postgresql.jdbc.PgConnection@37711f1a (Соединение уже было закрыто). Possibly consider using a shorter maxLifetime value.
2023-09-25 22:03:48,040 WARN c.z.h.p.PoolBase [main] HikariPool-1 - Failed to validate connection org.postgresql.jdbc.PgConnection@10939bc1 (Соединение уже было закрыто). Possibly consider using a shorter maxLifetime value.
2023-09-25 22:03:48,041 WARN c.z.h.p.PoolBase [main] HikariPool-1 - Failed to validate connection org.postgresql.jdbc.PgConnection@3a19b933 (Соединение уже было закрыто). Possibly consider using a shorter maxLifetime value.
2023-09-25 22:03:48,042 WARN c.z.h.p.PoolBase [main] HikariPool-1 - Failed to validate connection org.postgresql.jdbc.PgConnection@186b5db (Соединение уже было закрыто). Possibly consider using a shorter maxLifetime value.
2023-09-25 22:03:48,044 WARN c.z.h.p.PoolBase [main] HikariPool-1 - Failed to validate connection org.postgresql.jdbc.PgConnection@c0ef9a8 (Соединение уже было закрыто). Possibly consider using a shorter maxLifetime value.
2023-09-25 22:03:48,045 WARN c.z.h.p.PoolBase [main] HikariPool-1 - Failed to validate connection org.postgresql.jdbc.PgConnection@eb2ce99 (Соединение уже было закрыто). Possibly consider using a shorter maxLifetime value.
2023-09-25 22:04:18,037 WARN o.h.e.j.s.SqlExceptionHelper [main] SQL Error: 0, SQLState: 08001
2023-09-25 22:04:18,037 ERROR o.h.e.j.s.SqlExceptionHelper [main] HikariPool-1 - Connection is not available, request timed out after 30003ms.
2023-09-25 22:04:18,037 ERROR o.h.e.j.s.SqlExceptionHelper [main] Подсоединение по адресу localhost:64836 отклонено. Проверьте что хост и порт указаны правильно и что postmaster принимает TCP/IP-подсоединения.
2023-09-25 22:04:43,960 INFO r.k.c.c.CarControllerTest [main] Controller tests start!
2023-09-25 22:04:45,546 INFO r.k.c.c.CarControllerTest [main] Starting CarControllerTest using Java 17.0.1 with PID 8124 (started by singl in C:\Users\singl\IdeaProjects\embedica\CarManager)
2023-09-25 22:04:45,548 INFO r.k.c.c.CarControllerTest [main] No active profile set, falling back to 1 default profile: "default"
2023-09-25 22:04:47,013 INFO o.s.b.t.m.w.SpringBootMockServletContext [main] Initializing Spring TestDispatcherServlet ''
2023-09-25 22:04:47,014 INFO o.s.t.w.s.TestDispatcherServlet [main] Initializing Servlet ''
2023-09-25 22:04:47,017 INFO o.s.t.w.s.TestDispatcherServlet [main] Completed initialization in 3 ms
2023-09-25 22:04:47,049 INFO r.k.c.c.CarControllerTest [main] Started CarControllerTest in 2.015 seconds (process running for 4.538)
2023-09-25 22:04:47,475 INFO r.k.c.c.CarControllerTest [main] All tests have been completed at3516 ms
2023-09-25 22:04:47,496 INFO o.s.t.c.s.AnnotationConfigContextLoaderUtils [main] Could not detect default configuration classes for test class [ru.koryakin.carmanager.repository.CarRepositoryTest]: CarRepositoryTest does not declare any static, non-private, non-final, nested classes annotated with @Configuration.
2023-09-25 22:04:47,541 INFO o.s.b.t.c.SpringBootTestContextBootstrapper [main] Found @SpringBootConfiguration ru.koryakin.carmanager.CarManagerApplication for test class ru.koryakin.carmanager.repository.CarRepositoryTest
2023-09-25 22:04:47,601 INFO o.t.u.ImageNameSubstitutor [main] Image name substitution will be performed by: DefaultImageNameSubstitutor (composite of 'ConfigurationFileImageNameSubstitutor' and 'PrefixingImageNameSubstitutor')
2023-09-25 22:04:47,877 INFO o.t.d.DockerClientProviderStrategy [main] Loaded org.testcontainers.dockerclient.NpipeSocketClientProviderStrategy from ~/.testcontainers.properties, will try it first
2023-09-25 22:04:48,060 WARN o.h.e.j.s.SqlExceptionHelper [main] SQL Error: 0, SQLState: 08001
2023-09-25 22:04:48,060 ERROR o.h.e.j.s.SqlExceptionHelper [main] HikariPool-1 - Connection is not available, request timed out after 30014ms.
2023-09-25 22:04:48,060 ERROR o.h.e.j.s.SqlExceptionHelper [main] Подсоединение по адресу localhost:64836 отклонено. Проверьте что хост и порт указаны правильно и что postmaster принимает TCP/IP-подсоединения.
2023-09-25 22:04:48,069 INFO r.k.c.r.StatisticRepositoryTest [main] All tests have been completed at60040 ms
2023-09-25 22:04:48,297 INFO o.t.d.DockerClientProviderStrategy [main] Found Docker environment with local Npipe socket (npipe:////./pipe/docker_engine)
2023-09-25 22:04:48,299 INFO o.t.DockerClientFactory [main] Docker host IP address is localhost
2023-09-25 22:04:48,322 INFO o.t.DockerClientFactory [main] Connected to docker: 
  Server Version: 23.0.5
  API Version: 1.42
  Operating System: Docker Desktop
  Total Memory: 12608 MB
2023-09-25 22:04:48,362 INFO t.t.5.1 [main] Creating container for image: testcontainers/ryuk:0.5.1
2023-09-25 22:04:48,624 INFO o.t.u.RegistryAuthLocator [main] Credential helper/store (docker-credential-desktop) does not have credentials for https://index.docker.io/v1/
2023-09-25 22:04:48,740 INFO r.k.c.s.CarServiceTest [main] Service tests start!
2023-09-25 22:04:48,821 INFO t.t.5.1 [main] Container testcontainers/ryuk:0.5.1 is starting: b9f4779173c2653c48fc2a3665d585697114007d10d0e52dd9a875e048da2d2a
2023-09-25 22:04:48,979 ERROR r.k.c.s.CarService [main] Server error: Cannot invoke "java.lang.Long.longValue()" because the return value of "ru.koryakin.carmanager.entity.Car.getId()" is null
2023-09-25 22:04:48,988 INFO r.k.c.s.CarServiceTest [main] All tests have been completed at248 ms
2023-09-25 22:04:49,013 INFO o.s.o.j.LocalContainerEntityManagerFactoryBean [SpringApplicationShutdownHook] Closing JPA EntityManagerFactory for persistence unit 'default'
2023-09-25 22:04:49,017 INFO c.z.h.HikariDataSource [SpringApplicationShutdownHook] HikariPool-1 - Shutdown initiated...
2023-09-25 22:04:49,742 INFO t.t.5.1 [main] Container testcontainers/ryuk:0.5.1 started in PT1.4084159S
2023-09-25 22:04:49,754 INFO o.t.u.RyukResourceReaper [main] Ryuk started - will monitor and terminate Testcontainers containers on JVM exit
2023-09-25 22:04:49,755 INFO o.t.DockerClientFactory [main] Checking the system...
2023-09-25 22:04:49,756 INFO o.t.DockerClientFactory [main] ?? Docker server version should be at least 1.6.0
2023-09-25 22:04:49,757 INFO t.postgres:11 [main] Creating container for image: postgres:11
2023-09-25 22:04:49,802 INFO t.postgres:11 [main] Container postgres:11 is starting: 3b0e3883ca1762c569f67c521b0144d2c47ac428830bab1eee81588e706b49d2
2023-09-25 22:04:51,844 INFO t.postgres:11 [main] Container postgres:11 started in PT2.0878787S
2023-09-25 22:04:51,846 INFO t.postgres:11 [main] Container is started (JDBC URL: jdbc:postgresql://localhost:64919/postgres?loggerLevel=OFF)
2023-09-25 22:04:51,854 INFO o.t.e.ScriptUtils [main] Executing database script from db.sql
2023-09-25 22:04:51,999 INFO o.t.e.ScriptUtils [main] Executed database script from db.sql in 144 ms.
2023-09-25 22:04:52,002 INFO r.k.c.r.CarRepositoryTest [main] CarRepository tests start!
2023-09-25 22:04:52,077 INFO r.k.c.r.CarRepositoryTest [main] Starting CarRepositoryTest using Java 17.0.1 with PID 8124 (started by singl in C:\Users\singl\IdeaProjects\embedica\CarManager)
2023-09-25 22:04:52,078 INFO r.k.c.r.CarRepositoryTest [main] The following 1 profile is active: "test"
2023-09-25 22:04:52,579 INFO o.s.d.r.c.RepositoryConfigurationDelegate [main] Bootstrapping Spring Data JPA repositories in DEFAULT mode.
2023-09-25 22:04:52,646 INFO o.s.d.r.c.RepositoryConfigurationDelegate [main] Finished Spring Data repository scanning in 55 ms. Found 1 JPA repository interfaces.
2023-09-25 22:04:53,136 INFO o.h.j.i.u.LogHelper [main] HHH000204: Processing PersistenceUnitInfo [name: default]
2023-09-25 22:04:53,251 INFO o.h.Version [main] HHH000412: Hibernate ORM core version 6.2.9.Final
2023-09-25 22:04:53,254 INFO o.h.c.Environment [main] HHH000406: Using bytecode reflection optimizer
2023-09-25 22:04:53,500 INFO o.h.b.i.BytecodeProviderInitiator [main] HHH000021: Bytecode provider name : bytebuddy
2023-09-25 22:04:53,521 INFO o.s.o.j.p.SpringPersistenceUnitInfo [main] No LoadTimeWeaver setup: ignoring JPA class transformer
2023-09-25 22:04:53,550 INFO c.z.h.HikariDataSource [SpringApplicationShutdownHook] HikariPool-1 - Shutdown completed.
2023-09-25 22:04:53,551 INFO c.z.h.HikariDataSource [main] HikariPool-1 - Starting...
2023-09-25 22:04:53,592 INFO c.z.h.p.HikariPool [main] HikariPool-1 - Added connection org.postgresql.jdbc.PgConnection@3615f8d9
2023-09-25 22:04:53,594 INFO c.z.h.HikariDataSource [main] HikariPool-1 - Start completed.
2023-09-25 22:04:53,983 INFO o.h.b.i.BytecodeProviderInitiator [main] HHH000021: Bytecode provider name : bytebuddy
2023-09-25 22:04:54,677 INFO o.h.e.t.j.p.i.JtaPlatformInitiator [main] HHH000490: Using JtaPlatform implementation: [org.hibernate.engine.transaction.jta.platform.internal.NoJtaPlatform]
2023-09-25 22:04:54,683 INFO o.s.o.j.LocalContainerEntityManagerFactoryBean [main] Initialized JPA EntityManagerFactory for persistence unit 'default'
2023-09-25 22:04:55,243 INFO o.s.d.j.r.q.QueryEnhancerFactory [main] Hibernate is in classpath; If applicable, HQL parser will be used.
2023-09-25 22:04:56,596 WARN o.s.b.a.o.j.JpaBaseConfiguration$JpaWebConfiguration [main] spring.jpa.open-in-view is enabled by default. Therefore, database queries may be performed during view rendering. Explicitly configure spring.jpa.open-in-view to disable this warning
2023-09-25 22:04:56,826 INFO r.k.c.r.CarRepositoryTest [main] Started CarRepositoryTest in 4.79 seconds (process running for 14.315)
2023-09-25 22:04:57,402 INFO r.k.c.r.CarRepositoryTest [main] All tests have been completed at5400 ms
2023-09-25 22:04:57,956 INFO o.s.t.c.s.AnnotationConfigContextLoaderUtils [main] Could not detect default configuration classes for test class [ru.koryakin.carmanager.repository.StatisticRepositoryTest]: StatisticRepositoryTest does not declare any static, non-private, non-final, nested classes annotated with @Configuration.
2023-09-25 22:04:57,963 INFO o.s.b.t.c.SpringBootTestContextBootstrapper [main] Found @SpringBootConfiguration ru.koryakin.carmanager.CarManagerApplication for test class ru.koryakin.carmanager.repository.StatisticRepositoryTest
2023-09-25 22:04:57,967 INFO t.postgres:11 [main] Creating container for image: postgres:11
2023-09-25 22:04:58,010 INFO t.postgres:11 [main] Container postgres:11 is starting: becc0c6b1967633f34454fac495a2be09d7a45725182bfc93536fdc5aacbbabd
2023-09-25 22:04:59,945 INFO t.postgres:11 [main] Container postgres:11 started in PT1.978854S
2023-09-25 22:04:59,946 INFO t.postgres:11 [main] Container is started (JDBC URL: jdbc:postgresql://localhost:64942/postgres?loggerLevel=OFF)
2023-09-25 22:04:59,947 INFO o.t.e.ScriptUtils [main] Executing database script from db.sql
2023-09-25 22:04:59,978 INFO o.t.e.ScriptUtils [main] Executed database script from db.sql in 31 ms.
2023-09-25 22:04:59,978 INFO r.k.c.r.StatisticRepositoryTest [main] StatisticRepository tests start!
2023-09-25 22:05:00,007 INFO r.k.c.r.StatisticRepositoryTest [main] Starting StatisticRepositoryTest using Java 17.0.1 with PID 8124 (started by singl in C:\Users\singl\IdeaProjects\embedica\CarManager)
2023-09-25 22:05:00,007 INFO r.k.c.r.StatisticRepositoryTest [main] No active profile set, falling back to 1 default profile: "default"
2023-09-25 22:05:00,190 INFO o.s.d.r.c.RepositoryConfigurationDelegate [main] Bootstrapping Spring Data JPA repositories in DEFAULT mode.
2023-09-25 22:05:00,206 INFO o.s.d.r.c.RepositoryConfigurationDelegate [main] Finished Spring Data repository scanning in 14 ms. Found 1 JPA repository interfaces.
2023-09-25 22:05:00,304 INFO o.h.j.i.u.LogHelper [main] HHH000204: Processing PersistenceUnitInfo [name: default]
2023-09-25 22:05:00,314 INFO o.h.b.i.BytecodeProviderInitiator [main] HHH000021: Bytecode provider name : bytebuddy
2023-09-25 22:05:00,315 INFO o.s.o.j.p.SpringPersistenceUnitInfo [main] No LoadTimeWeaver setup: ignoring JPA class transformer
2023-09-25 22:05:00,316 INFO c.z.h.HikariDataSource [main] HikariPool-2 - Starting...
2023-09-25 22:05:00,331 INFO c.z.h.p.HikariPool [main] HikariPool-2 - Added connection org.postgresql.jdbc.PgConnection@29957fe0
2023-09-25 22:05:00,331 INFO c.z.h.HikariDataSource [main] HikariPool-2 - Start completed.
2023-09-25 22:05:00,360 INFO o.h.b.i.BytecodeProviderInitiator [main] HHH000021: Bytecode provider name : bytebuddy
2023-09-25 22:05:00,386 INFO o.h.e.t.j.p.i.JtaPlatformInitiator [main] HHH000490: Using JtaPlatform implementation: [org.hibernate.engine.transaction.jta.platform.internal.NoJtaPlatform]
2023-09-25 22:05:00,440 INFO o.s.o.j.LocalContainerEntityManagerFactoryBean [main] Initialized JPA EntityManagerFactory for persistence unit 'default'
2023-09-25 22:05:00,561 WARN o.s.b.a.o.j.JpaBaseConfiguration$JpaWebConfiguration [main] spring.jpa.open-in-view is enabled by default. Therefore, database queries may be performed during view rendering. Explicitly configure spring.jpa.open-in-view to disable this warning
2023-09-25 22:05:00,672 INFO r.k.c.r.StatisticRepositoryTest [main] Started StatisticRepositoryTest in 0.692 seconds (process running for 18.161)
2023-09-25 22:05:00,738 INFO r.k.c.r.StatisticRepositoryTest [main] All tests have been completed at759 ms
2023-09-25 22:05:01,340 INFO r.k.c.s.CarServiceTest [main] Service tests start!
2023-09-25 22:05:01,532 ERROR r.k.c.s.CarService [main] Server error: Cannot invoke "java.lang.Long.longValue()" because the return value of "ru.koryakin.carmanager.entity.Car.getId()" is null
2023-09-25 22:05:01,549 INFO r.k.c.s.CarServiceTest [main] All tests have been completed at208 ms
2023-09-25 22:05:01,571 INFO o.s.o.j.LocalContainerEntityManagerFactoryBean [SpringApplicationShutdownHook] Closing JPA EntityManagerFactory for persistence unit 'default'
2023-09-25 22:05:01,573 INFO c.z.h.HikariDataSource [SpringApplicationShutdownHook] HikariPool-1 - Shutdown initiated...
2023-09-25 22:05:01,577 INFO c.z.h.HikariDataSource [SpringApplicationShutdownHook] HikariPool-1 - Shutdown completed.
2023-09-25 22:05:01,579 INFO o.s.o.j.LocalContainerEntityManagerFactoryBean [SpringApplicationShutdownHook] Closing JPA EntityManagerFactory for persistence unit 'default'
2023-09-25 22:05:01,580 INFO c.z.h.HikariDataSource [SpringApplicationShutdownHook] HikariPool-2 - Shutdown initiated...
2023-09-25 22:05:01,582 INFO c.z.h.HikariDataSource [SpringApplicationShutdownHook] HikariPool-2 - Shutdown completed.
2023-09-25 22:11:06,525 INFO r.k.c.c.CarControllerTest [main] Controller tests start!
2023-09-25 22:11:08,240 INFO r.k.c.c.CarControllerTest [main] Starting CarControllerTest using Java 17.0.1 with PID 1504 (started by singl in C:\Users\singl\IdeaProjects\embedica\CarManager)
2023-09-25 22:11:08,241 INFO r.k.c.c.CarControllerTest [main] No active profile set, falling back to 1 default profile: "default"
2023-09-25 22:11:09,833 INFO o.s.b.t.m.w.SpringBootMockServletContext [main] Initializing Spring TestDispatcherServlet ''
2023-09-25 22:11:09,834 INFO o.s.t.w.s.TestDispatcherServlet [main] Initializing Servlet ''
2023-09-25 22:11:09,836 INFO o.s.t.w.s.TestDispatcherServlet [main] Completed initialization in 2 ms
2023-09-25 22:11:09,868 INFO r.k.c.c.CarControllerTest [main] Started CarControllerTest in 2.106 seconds (process running for 4.931)
2023-09-25 22:11:10,460 INFO r.k.c.c.CarControllerTest [main] All tests have been completed at3935 ms
2023-09-25 22:11:10,484 INFO o.s.t.c.s.AnnotationConfigContextLoaderUtils [main] Could not detect default configuration classes for test class [ru.koryakin.carmanager.repository.CarRepositoryTest]: CarRepositoryTest does not declare any static, non-private, non-final, nested classes annotated with @Configuration.
2023-09-25 22:11:10,541 INFO o.s.b.t.c.SpringBootTestContextBootstrapper [main] Found @SpringBootConfiguration ru.koryakin.carmanager.CarManagerApplication for test class ru.koryakin.carmanager.repository.CarRepositoryTest
2023-09-25 22:11:10,605 INFO o.t.u.ImageNameSubstitutor [main] Image name substitution will be performed by: DefaultImageNameSubstitutor (composite of 'ConfigurationFileImageNameSubstitutor' and 'PrefixingImageNameSubstitutor')
2023-09-25 22:11:10,894 INFO o.t.d.DockerClientProviderStrategy [main] Loaded org.testcontainers.dockerclient.NpipeSocketClientProviderStrategy from ~/.testcontainers.properties, will try it first
2023-09-25 22:11:11,307 INFO o.t.d.DockerClientProviderStrategy [main] Found Docker environment with local Npipe socket (npipe:////./pipe/docker_engine)
2023-09-25 22:11:11,309 INFO o.t.DockerClientFactory [main] Docker host IP address is localhost
2023-09-25 22:11:11,335 INFO o.t.DockerClientFactory [main] Connected to docker: 
  Server Version: 23.0.5
  API Version: 1.42
  Operating System: Docker Desktop
  Total Memory: 12608 MB
2023-09-25 22:11:11,376 INFO t.t.5.1 [main] Creating container for image: testcontainers/ryuk:0.5.1
2023-09-25 22:11:11,623 INFO o.t.u.RegistryAuthLocator [main] Credential helper/store (docker-credential-desktop) does not have credentials for https://index.docker.io/v1/
2023-09-25 22:11:11,785 INFO t.t.5.1 [main] Container testcontainers/ryuk:0.5.1 is starting: 04af9fbe9479f95f4cfc025578fecf6584be6d08b3fb0781010d47312afb09ef
2023-09-25 22:11:12,630 INFO t.t.5.1 [main] Container testcontainers/ryuk:0.5.1 started in PT1.2830636S
2023-09-25 22:11:12,640 INFO o.t.u.RyukResourceReaper [main] Ryuk started - will monitor and terminate Testcontainers containers on JVM exit
2023-09-25 22:11:12,640 INFO o.t.DockerClientFactory [main] Checking the system...
2023-09-25 22:11:12,641 INFO o.t.DockerClientFactory [main] ?? Docker server version should be at least 1.6.0
2023-09-25 22:11:12,642 INFO t.postgres:11 [main] Creating container for image: postgres:11
2023-09-25 22:11:12,680 INFO t.postgres:11 [main] Container postgres:11 is starting: df4d40622d7a2b8d7f1cdb5dff703d1122b3151c358ee4b690b87050562a0556
2023-09-25 22:11:14,557 INFO t.postgres:11 [main] Container postgres:11 started in PT1.9148804S
2023-09-25 22:11:14,557 INFO t.postgres:11 [main] Container is started (JDBC URL: jdbc:postgresql://localhost:65139/postgres?loggerLevel=OFF)
2023-09-25 22:11:14,569 INFO o.t.e.ScriptUtils [main] Executing database script from db.sql
2023-09-25 22:11:14,717 INFO o.t.e.ScriptUtils [main] Executed database script from db.sql in 148 ms.
2023-09-25 22:11:14,720 INFO r.k.c.r.CarRepositoryTest [main] CarRepository tests start!
2023-09-25 22:11:14,792 INFO r.k.c.r.CarRepositoryTest [main] Starting CarRepositoryTest using Java 17.0.1 with PID 1504 (started by singl in C:\Users\singl\IdeaProjects\embedica\CarManager)
2023-09-25 22:11:14,793 INFO r.k.c.r.CarRepositoryTest [main] The following 1 profile is active: "test"
2023-09-25 22:11:15,291 INFO o.s.d.r.c.RepositoryConfigurationDelegate [main] Bootstrapping Spring Data JPA repositories in DEFAULT mode.
2023-09-25 22:11:15,365 INFO o.s.d.r.c.RepositoryConfigurationDelegate [main] Finished Spring Data repository scanning in 60 ms. Found 1 JPA repository interfaces.
2023-09-25 22:11:15,840 INFO o.h.j.i.u.LogHelper [main] HHH000204: Processing PersistenceUnitInfo [name: default]
2023-09-25 22:11:15,947 INFO o.h.Version [main] HHH000412: Hibernate ORM core version 6.2.9.Final
2023-09-25 22:11:15,950 INFO o.h.c.Environment [main] HHH000406: Using bytecode reflection optimizer
2023-09-25 22:11:16,181 INFO o.h.b.i.BytecodeProviderInitiator [main] HHH000021: Bytecode provider name : bytebuddy
2023-09-25 22:11:16,199 INFO o.s.o.j.p.SpringPersistenceUnitInfo [main] No LoadTimeWeaver setup: ignoring JPA class transformer
2023-09-25 22:11:16,222 INFO c.z.h.HikariDataSource [main] HikariPool-1 - Starting...
2023-09-25 22:11:16,259 INFO c.z.h.p.HikariPool [main] HikariPool-1 - Added connection org.postgresql.jdbc.PgConnection@389a9ff6
2023-09-25 22:11:16,261 INFO c.z.h.HikariDataSource [main] HikariPool-1 - Start completed.
2023-09-25 22:11:16,648 INFO o.h.b.i.BytecodeProviderInitiator [main] HHH000021: Bytecode provider name : bytebuddy
2023-09-25 22:11:17,329 INFO o.h.e.t.j.p.i.JtaPlatformInitiator [main] HHH000490: Using JtaPlatform implementation: [org.hibernate.engine.transaction.jta.platform.internal.NoJtaPlatform]
2023-09-25 22:11:17,333 INFO o.s.o.j.LocalContainerEntityManagerFactoryBean [main] Initialized JPA EntityManagerFactory for persistence unit 'default'
2023-09-25 22:11:17,771 INFO o.s.d.j.r.q.QueryEnhancerFactory [main] Hibernate is in classpath; If applicable, HQL parser will be used.
2023-09-25 22:11:18,637 WARN o.s.b.a.o.j.JpaBaseConfiguration$JpaWebConfiguration [main] spring.jpa.open-in-view is enabled by default. Therefore, database queries may be performed during view rendering. Explicitly configure spring.jpa.open-in-view to disable this warning
2023-09-25 22:11:18,827 INFO r.k.c.r.CarRepositoryTest [main] Started CarRepositoryTest in 4.082 seconds (process running for 13.89)
2023-09-25 22:11:19,261 INFO r.k.c.r.CarRepositoryTest [main] All tests have been completed at4541 ms
2023-09-25 22:11:19,908 INFO o.s.t.c.s.AnnotationConfigContextLoaderUtils [main] Could not detect default configuration classes for test class [ru.koryakin.carmanager.repository.StatisticRepositoryTest]: StatisticRepositoryTest does not declare any static, non-private, non-final, nested classes annotated with @Configuration.
2023-09-25 22:11:19,919 INFO o.s.b.t.c.SpringBootTestContextBootstrapper [main] Found @SpringBootConfiguration ru.koryakin.carmanager.CarManagerApplication for test class ru.koryakin.carmanager.repository.StatisticRepositoryTest
2023-09-25 22:11:19,923 INFO t.postgres:11 [main] Creating container for image: postgres:11
2023-09-25 22:11:19,967 INFO t.postgres:11 [main] Container postgres:11 is starting: 6947e05d538bc1a2450c2574dc8bfa0761fa60faf095eaa08f655179319f63cd
2023-09-25 22:11:21,962 INFO t.postgres:11 [main] Container postgres:11 started in PT2.038918S
2023-09-25 22:11:21,962 INFO t.postgres:11 [main] Container is started (JDBC URL: jdbc:postgresql://localhost:65151/postgres?loggerLevel=OFF)
2023-09-25 22:11:21,963 INFO o.t.e.ScriptUtils [main] Executing database script from db.sql
2023-09-25 22:11:21,996 INFO o.t.e.ScriptUtils [main] Executed database script from db.sql in 33 ms.
2023-09-25 22:11:21,997 INFO r.k.c.r.StatisticRepositoryTest [main] StatisticRepository tests start!
2023-09-25 22:11:22,022 INFO r.k.c.r.StatisticRepositoryTest [main] Starting StatisticRepositoryTest using Java 17.0.1 with PID 1504 (started by singl in C:\Users\singl\IdeaProjects\embedica\CarManager)
2023-09-25 22:11:22,023 INFO r.k.c.r.StatisticRepositoryTest [main] No active profile set, falling back to 1 default profile: "default"
2023-09-25 22:11:22,186 INFO o.s.d.r.c.RepositoryConfigurationDelegate [main] Bootstrapping Spring Data JPA repositories in DEFAULT mode.
2023-09-25 22:11:22,200 INFO o.s.d.r.c.RepositoryConfigurationDelegate [main] Finished Spring Data repository scanning in 13 ms. Found 1 JPA repository interfaces.
2023-09-25 22:11:22,272 INFO o.h.j.i.u.LogHelper [main] HHH000204: Processing PersistenceUnitInfo [name: default]
2023-09-25 22:11:22,281 INFO o.h.b.i.BytecodeProviderInitiator [main] HHH000021: Bytecode provider name : bytebuddy
2023-09-25 22:11:22,281 INFO o.s.o.j.p.SpringPersistenceUnitInfo [main] No LoadTimeWeaver setup: ignoring JPA class transformer
2023-09-25 22:11:22,282 INFO c.z.h.HikariDataSource [main] HikariPool-2 - Starting...
2023-09-25 22:11:22,299 INFO c.z.h.p.HikariPool [main] HikariPool-2 - Added connection org.postgresql.jdbc.PgConnection@10e57077
2023-09-25 22:11:22,299 INFO c.z.h.HikariDataSource [main] HikariPool-2 - Start completed.
2023-09-25 22:11:22,325 INFO o.h.b.i.BytecodeProviderInitiator [main] HHH000021: Bytecode provider name : bytebuddy
2023-09-25 22:11:22,357 INFO o.h.e.t.j.p.i.JtaPlatformInitiator [main] HHH000490: Using JtaPlatform implementation: [org.hibernate.engine.transaction.jta.platform.internal.NoJtaPlatform]
2023-09-25 22:11:22,411 INFO o.s.o.j.LocalContainerEntityManagerFactoryBean [main] Initialized JPA EntityManagerFactory for persistence unit 'default'
2023-09-25 22:11:22,539 WARN o.s.b.a.o.j.JpaBaseConfiguration$JpaWebConfiguration [main] spring.jpa.open-in-view is enabled by default. Therefore, database queries may be performed during view rendering. Explicitly configure spring.jpa.open-in-view to disable this warning
2023-09-25 22:11:22,669 INFO r.k.c.r.StatisticRepositoryTest [main] Started StatisticRepositoryTest in 0.67 seconds (process running for 17.732)
2023-09-25 22:11:22,716 INFO r.k.c.r.StatisticRepositoryTest [main] All tests have been completed at719 ms
2023-09-25 22:11:23,366 INFO r.k.c.s.CarServiceTest [main] Service tests start!
2023-09-25 22:11:23,559 ERROR r.k.c.s.CarService [main] Server error: Cannot invoke "java.lang.Long.longValue()" because the return value of "ru.koryakin.carmanager.entity.Car.getId()" is null
2023-09-25 22:11:23,572 INFO r.k.c.s.CarServiceTest [main] All tests have been completed at205 ms
2023-09-25 22:11:23,602 INFO o.s.o.j.LocalContainerEntityManagerFactoryBean [SpringApplicationShutdownHook] Closing JPA EntityManagerFactory for persistence unit 'default'
2023-09-25 22:11:23,605 INFO c.z.h.HikariDataSource [SpringApplicationShutdownHook] HikariPool-1 - Shutdown initiated...
2023-09-25 22:11:23,610 INFO c.z.h.HikariDataSource [SpringApplicationShutdownHook] HikariPool-1 - Shutdown completed.
2023-09-25 22:11:23,613 INFO o.s.o.j.LocalContainerEntityManagerFactoryBean [SpringApplicationShutdownHook] Closing JPA EntityManagerFactory for persistence unit 'default'
2023-09-25 22:11:23,614 INFO c.z.h.HikariDataSource [SpringApplicationShutdownHook] HikariPool-2 - Shutdown initiated...
2023-09-25 22:11:23,617 INFO c.z.h.HikariDataSource [SpringApplicationShutdownHook] HikariPool-2 - Shutdown completed.
2023-09-25 22:13:42,472 INFO r.k.c.c.CarControllerTest [main] Controller tests start!
2023-09-25 22:13:44,195 INFO r.k.c.c.CarControllerTest [main] Starting CarControllerTest using Java 17.0.1 with PID 20380 (started by singl in C:\Users\singl\IdeaProjects\embedica\CarManager)
2023-09-25 22:13:44,197 INFO r.k.c.c.CarControllerTest [main] No active profile set, falling back to 1 default profile: "default"
2023-09-25 22:13:45,709 INFO o.s.b.t.m.w.SpringBootMockServletContext [main] Initializing Spring TestDispatcherServlet ''
2023-09-25 22:13:45,710 INFO o.s.t.w.s.TestDispatcherServlet [main] Initializing Servlet ''
2023-09-25 22:13:45,712 INFO o.s.t.w.s.TestDispatcherServlet [main] Completed initialization in 2 ms
2023-09-25 22:13:45,745 INFO r.k.c.c.CarControllerTest [main] Started CarControllerTest in 2.036 seconds (process running for 4.908)
2023-09-25 22:13:46,252 INFO r.k.c.c.CarControllerTest [main] All tests have been completed at3781 ms
2023-09-25 22:13:46,281 INFO o.s.t.c.s.AnnotationConfigContextLoaderUtils [main] Could not detect default configuration classes for test class [ru.koryakin.carmanager.repository.CarRepositoryTest]: CarRepositoryTest does not declare any static, non-private, non-final, nested classes annotated with @Configuration.
2023-09-25 22:13:46,348 INFO o.s.b.t.c.SpringBootTestContextBootstrapper [main] Found @SpringBootConfiguration ru.koryakin.carmanager.CarManagerApplication for test class ru.koryakin.carmanager.repository.CarRepositoryTest
2023-09-25 22:13:46,427 INFO o.t.u.ImageNameSubstitutor [main] Image name substitution will be performed by: DefaultImageNameSubstitutor (composite of 'ConfigurationFileImageNameSubstitutor' and 'PrefixingImageNameSubstitutor')
2023-09-25 22:13:46,738 INFO o.t.d.DockerClientProviderStrategy [main] Loaded org.testcontainers.dockerclient.NpipeSocketClientProviderStrategy from ~/.testcontainers.properties, will try it first
2023-09-25 22:13:47,150 INFO o.t.d.DockerClientProviderStrategy [main] Found Docker environment with local Npipe socket (npipe:////./pipe/docker_engine)
2023-09-25 22:13:47,152 INFO o.t.DockerClientFactory [main] Docker host IP address is localhost
2023-09-25 22:13:47,175 INFO o.t.DockerClientFactory [main] Connected to docker: 
  Server Version: 23.0.5
  API Version: 1.42
  Operating System: Docker Desktop
  Total Memory: 12608 MB
2023-09-25 22:13:47,216 INFO t.t.5.1 [main] Creating container for image: testcontainers/ryuk:0.5.1
2023-09-25 22:13:47,474 INFO o.t.u.RegistryAuthLocator [main] Credential helper/store (docker-credential-desktop) does not have credentials for https://index.docker.io/v1/
2023-09-25 22:13:47,628 INFO t.t.5.1 [main] Container testcontainers/ryuk:0.5.1 is starting: deb9b5a3989cb8b334d82cac75514bd247268fa49de4a32440358d1b78dd5f25
2023-09-25 22:13:48,517 INFO t.t.5.1 [main] Container testcontainers/ryuk:0.5.1 started in PT1.3310187S
2023-09-25 22:13:48,525 INFO o.t.u.RyukResourceReaper [main] Ryuk started - will monitor and terminate Testcontainers containers on JVM exit
2023-09-25 22:13:48,526 INFO o.t.DockerClientFactory [main] Checking the system...
2023-09-25 22:13:48,527 INFO o.t.DockerClientFactory [main] ?? Docker server version should be at least 1.6.0
2023-09-25 22:13:48,528 INFO t.postgres:11 [main] Creating container for image: postgres:11
2023-09-25 22:13:48,568 INFO t.postgres:11 [main] Container postgres:11 is starting: 503f1ad08e95304deb5945972bd5530a64ae454ff181caea04c6e06c69482c00
2023-09-25 22:13:50,552 INFO t.postgres:11 [main] Container postgres:11 started in PT2.0235625S
2023-09-25 22:13:50,553 INFO t.postgres:11 [main] Container is started (JDBC URL: jdbc:postgresql://localhost:65305/postgres?loggerLevel=OFF)
2023-09-25 22:13:50,563 INFO o.t.e.ScriptUtils [main] Executing database script from db.sql
2023-09-25 22:13:50,709 INFO o.t.e.ScriptUtils [main] Executed database script from db.sql in 146 ms.
2023-09-25 22:13:50,712 INFO r.k.c.r.CarRepositoryTest [main] CarRepository tests start!
2023-09-25 22:13:50,800 INFO r.k.c.r.CarRepositoryTest [main] Starting CarRepositoryTest using Java 17.0.1 with PID 20380 (started by singl in C:\Users\singl\IdeaProjects\embedica\CarManager)
2023-09-25 22:13:50,800 INFO r.k.c.r.CarRepositoryTest [main] The following 1 profile is active: "test"
2023-09-25 22:13:51,283 INFO o.s.d.r.c.RepositoryConfigurationDelegate [main] Bootstrapping Spring Data JPA repositories in DEFAULT mode.
2023-09-25 22:13:51,347 INFO o.s.d.r.c.RepositoryConfigurationDelegate [main] Finished Spring Data repository scanning in 53 ms. Found 1 JPA repository interfaces.
2023-09-25 22:13:51,856 INFO o.h.j.i.u.LogHelper [main] HHH000204: Processing PersistenceUnitInfo [name: default]
2023-09-25 22:13:51,966 INFO o.h.Version [main] HHH000412: Hibernate ORM core version 6.2.9.Final
2023-09-25 22:13:51,970 INFO o.h.c.Environment [main] HHH000406: Using bytecode reflection optimizer
2023-09-25 22:13:52,197 INFO o.h.b.i.BytecodeProviderInitiator [main] HHH000021: Bytecode provider name : bytebuddy
2023-09-25 22:13:52,219 INFO o.s.o.j.p.SpringPersistenceUnitInfo [main] No LoadTimeWeaver setup: ignoring JPA class transformer
2023-09-25 22:13:52,244 INFO c.z.h.HikariDataSource [main] HikariPool-1 - Starting...
2023-09-25 22:13:52,282 INFO c.z.h.p.HikariPool [main] HikariPool-1 - Added connection org.postgresql.jdbc.PgConnection@54816d7a
2023-09-25 22:13:52,283 INFO c.z.h.HikariDataSource [main] HikariPool-1 - Start completed.
2023-09-25 22:13:52,670 INFO o.h.b.i.BytecodeProviderInitiator [main] HHH000021: Bytecode provider name : bytebuddy
2023-09-25 22:13:53,449 INFO o.h.e.t.j.p.i.JtaPlatformInitiator [main] HHH000490: Using JtaPlatform implementation: [org.hibernate.engine.transaction.jta.platform.internal.NoJtaPlatform]
2023-09-25 22:13:53,453 INFO o.s.o.j.LocalContainerEntityManagerFactoryBean [main] Initialized JPA EntityManagerFactory for persistence unit 'default'
2023-09-25 22:13:53,857 INFO o.s.d.j.r.q.QueryEnhancerFactory [main] Hibernate is in classpath; If applicable, HQL parser will be used.
2023-09-25 22:13:54,652 WARN o.s.b.a.o.j.JpaBaseConfiguration$JpaWebConfiguration [main] spring.jpa.open-in-view is enabled by default. Therefore, database queries may be performed during view rendering. Explicitly configure spring.jpa.open-in-view to disable this warning
2023-09-25 22:13:54,862 INFO r.k.c.r.CarRepositoryTest [main] Started CarRepositoryTest in 4.108 seconds (process running for 14.026)
2023-09-25 22:13:55,291 INFO r.k.c.r.CarRepositoryTest [main] All tests have been completed at4579 ms
2023-09-25 22:13:55,984 INFO o.s.t.c.s.AnnotationConfigContextLoaderUtils [main] Could not detect default configuration classes for test class [ru.koryakin.carmanager.repository.StatisticRepositoryTest]: StatisticRepositoryTest does not declare any static, non-private, non-final, nested classes annotated with @Configuration.
2023-09-25 22:13:55,991 INFO o.s.b.t.c.SpringBootTestContextBootstrapper [main] Found @SpringBootConfiguration ru.koryakin.carmanager.CarManagerApplication for test class ru.koryakin.carmanager.repository.StatisticRepositoryTest
2023-09-25 22:13:55,994 INFO t.postgres:11 [main] Creating container for image: postgres:11
2023-09-25 22:13:56,046 INFO t.postgres:11 [main] Container postgres:11 is starting: ec421fac20aad369b1423454d3a530b2f122f96f54c0266911c993e59bd97e04
2023-09-25 22:13:57,964 INFO t.postgres:11 [main] Container postgres:11 started in PT1.9705515S
2023-09-25 22:13:57,965 INFO t.postgres:11 [main] Container is started (JDBC URL: jdbc:postgresql://localhost:65320/postgres?loggerLevel=OFF)
2023-09-25 22:13:57,966 INFO o.t.e.ScriptUtils [main] Executing database script from db.sql
2023-09-25 22:13:57,997 INFO o.t.e.ScriptUtils [main] Executed database script from db.sql in 31 ms.
2023-09-25 22:13:57,997 INFO r.k.c.r.StatisticRepositoryTest [main] StatisticRepository tests start!
2023-09-25 22:13:58,024 INFO r.k.c.r.StatisticRepositoryTest [main] Starting StatisticRepositoryTest using Java 17.0.1 with PID 20380 (started by singl in C:\Users\singl\IdeaProjects\embedica\CarManager)
2023-09-25 22:13:58,025 INFO r.k.c.r.StatisticRepositoryTest [main] No active profile set, falling back to 1 default profile: "default"
2023-09-25 22:13:58,192 INFO o.s.d.r.c.RepositoryConfigurationDelegate [main] Bootstrapping Spring Data JPA repositories in DEFAULT mode.
2023-09-25 22:13:58,205 INFO o.s.d.r.c.RepositoryConfigurationDelegate [main] Finished Spring Data repository scanning in 12 ms. Found 1 JPA repository interfaces.
2023-09-25 22:13:58,293 INFO o.h.j.i.u.LogHelper [main] HHH000204: Processing PersistenceUnitInfo [name: default]
2023-09-25 22:13:58,304 INFO o.h.b.i.BytecodeProviderInitiator [main] HHH000021: Bytecode provider name : bytebuddy
2023-09-25 22:13:58,304 INFO o.s.o.j.p.SpringPersistenceUnitInfo [main] No LoadTimeWeaver setup: ignoring JPA class transformer
2023-09-25 22:13:58,305 INFO c.z.h.HikariDataSource [main] HikariPool-2 - Starting...
2023-09-25 22:13:58,321 INFO c.z.h.p.HikariPool [main] HikariPool-2 - Added connection org.postgresql.jdbc.PgConnection@5d40034e
2023-09-25 22:13:58,321 INFO c.z.h.HikariDataSource [main] HikariPool-2 - Start completed.
2023-09-25 22:13:58,347 INFO o.h.b.i.BytecodeProviderInitiator [main] HHH000021: Bytecode provider name : bytebuddy
2023-09-25 22:13:58,394 INFO o.h.e.t.j.p.i.JtaPlatformInitiator [main] HHH000490: Using JtaPlatform implementation: [org.hibernate.engine.transaction.jta.platform.internal.NoJtaPlatform]
2023-09-25 22:13:58,445 INFO o.s.o.j.LocalContainerEntityManagerFactoryBean [main] Initialized JPA EntityManagerFactory for persistence unit 'default'
2023-09-25 22:13:58,551 WARN o.s.b.a.o.j.JpaBaseConfiguration$JpaWebConfiguration [main] spring.jpa.open-in-view is enabled by default. Therefore, database queries may be performed during view rendering. Explicitly configure spring.jpa.open-in-view to disable this warning
2023-09-25 22:13:58,659 INFO r.k.c.r.StatisticRepositoryTest [main] Started StatisticRepositoryTest in 0.659 seconds (process running for 17.823)
2023-09-25 22:13:58,715 INFO r.k.c.r.StatisticRepositoryTest [main] All tests have been completed at717 ms
2023-09-25 22:13:59,277 INFO r.k.c.s.CarServiceTest [main] Service tests start!
2023-09-25 22:13:59,491 ERROR r.k.c.s.CarService [main] Server error: Cannot invoke "java.lang.Long.longValue()" because the return value of "ru.koryakin.carmanager.entity.Car.getId()" is null
2023-09-25 22:13:59,505 INFO r.k.c.s.CarServiceTest [main] All tests have been completed at228 ms
2023-09-25 22:13:59,528 INFO o.s.o.j.LocalContainerEntityManagerFactoryBean [SpringApplicationShutdownHook] Closing JPA EntityManagerFactory for persistence unit 'default'
2023-09-25 22:13:59,531 INFO c.z.h.HikariDataSource [SpringApplicationShutdownHook] HikariPool-1 - Shutdown initiated...
2023-09-25 22:13:59,535 INFO c.z.h.HikariDataSource [SpringApplicationShutdownHook] HikariPool-1 - Shutdown completed.
2023-09-25 22:13:59,537 INFO o.s.o.j.LocalContainerEntityManagerFactoryBean [SpringApplicationShutdownHook] Closing JPA EntityManagerFactory for persistence unit 'default'
2023-09-25 22:13:59,538 INFO c.z.h.HikariDataSource [SpringApplicationShutdownHook] HikariPool-2 - Shutdown initiated...
2023-09-25 22:13:59,541 INFO c.z.h.HikariDataSource [SpringApplicationShutdownHook] HikariPool-2 - Shutdown completed.
